date       time     [thread name/id ]                   file:line    v |
2026-01-28 12:41:19 [MainThread     ]                   Log.c:193   INFO| Opened log file bz3.log
2026-01-28 12:41:19 [MainThread     ]      GraphicsConfig.cpp:1016  INFO| Default GPU Data:
2026-01-28 12:41:19 [MainThread     ]      GraphicsConfig.cpp:1017  INFO|     DefaultGPUPresetLevel set to medium
2026-01-28 12:41:19 [MainThread     ]      GraphicsConfig.cpp:1019  INFO| GPU vendors:
2026-01-28 12:41:19 [MainThread     ]      GraphicsConfig.cpp:1037  INFO|     intel: 0x8086
2026-01-28 12:41:19 [MainThread     ]      GraphicsConfig.cpp:1037  INFO|     amd: 0x1002
2026-01-28 12:41:19 [MainThread     ]      GraphicsConfig.cpp:1037  INFO|     nvidia: 0x10de
2026-01-28 12:41:19 [MainThread     ]      GraphicsConfig.cpp:1182  INFO| GPU selection rules:
2026-01-28 12:41:19 [MainThread     ]      GraphicsConfig.cpp:1191  INFO| Driver rejections:
2026-01-28 12:41:19 [MainThread     ]      GraphicsConfig.cpp:1209  INFO| GPU configuration rules:
2026-01-28 12:41:19 [MainThread     ]      GraphicsConfig.cpp:1221  INFO| Texture support rules:
2026-01-28 12:41:19 [MainThread     ]      GraphicsConfig.cpp:1235  INFO| Extended configuration rules:
2026-01-28 12:41:19 [MainThread     ]                Vulkan.c:3523  INFO| Creating VkInstance with 0 enabled instance layers:
2026-01-28 12:41:19 [MainThread     ]                Vulkan.c:4226  INFO| GPU[0] detected. Vendor ID: 0x10de, Model ID: 0x13c2, Preset: medium, GPU Name: NVIDIA GeForce GTX 970
2026-01-28 12:41:19 [MainThread     ]                Vulkan.c:3668  INFO| GPU[0] is selected as default GPU
2026-01-28 12:41:19 [MainThread     ]                Vulkan.c:3669  INFO| Name of selected gpu: NVIDIA GeForce GTX 970
2026-01-28 12:41:19 [MainThread     ]                Vulkan.c:3670  INFO| Vendor id of selected gpu: 0x10de
2026-01-28 12:41:19 [MainThread     ]                Vulkan.c:3671  INFO| Model id of selected gpu: 0x13c2
2026-01-28 12:41:19 [MainThread     ]                Vulkan.c:3672  INFO| Preset of selected gpu: medium
2026-01-28 12:41:19 [MainThread     ]                Vulkan.c:4002  INFO| Successfully loaded Dedicated Allocation extension
2026-01-28 12:41:19 [MainThread     ]                Vulkan.c:4016  INFO| Successfully loaded Draw Indirect extension
2026-01-28 12:41:19 [MainThread     ]                Vulkan.c:4037  INFO| Successfully loaded Descriptor Indexing extension
2026-01-28 12:41:19 [MainThread     ]                Vulkan.c:4052  INFO| Successfully loaded 64 bit Shader Atomic extension
2026-01-28 12:41:19 [MainThread     ]                Vulkan.c:4057  INFO| Successfully loaded Dynamic Rendering extension
2026-01-28 12:41:19 [MainThread     ]                Vulkan.c:4062  INFO| Successfully loaded Device Fault extension
2026-01-28 12:41:19 [MainThread     ]                Vulkan.c:4472  INFO| GPU supports `nonuniformEXT`
2026-01-28 12:41:19 [MainThread     ]      ResourceLoader.cpp:2507   ERR| Failed to initialize ReloadServer
2026-01-28 12:41:19 [MainThread     ]                Vulkan.c:4974  INFO| Adding Vulkan swapchain @ 1280x720
2026-01-28 12:41:58 [MainThread     ]                   Log.c:153   INFO| Shutting down log system.
